<?xml version="1.0" encoding="UTF-8"?>
<testng-results ignored="0" total="1" passed="1" failed="0" skipped="0">
  <reporter-output>
  </reporter-output>
  <suite started-at="2020-10-31T17:43:07 IST" name="Default suite" finished-at="2020-10-31T17:44:05 IST" duration-ms="58188">
    <groups>
    </groups>
    <test started-at="2020-10-31T17:43:07 IST" name="Default test" finished-at="2020-10-31T17:44:05 IST" duration-ms="58188">
      <class name="com.demoonline.tests.CompleteTest">
        <test-method is-config="true" signature="setUp()[pri:0, instance:com.demoonline.tests.CompleteTest@378542de]" started-at="2020-10-31T17:43:07 IST" name="setUp" finished-at="2020-10-31T17:43:18 IST" duration-ms="11290" status="PASS">
          <reporter-output>
          </reporter-output>
        </test-method> <!-- setUp -->
        <test-method signature="addToCart()[pri:0, instance:com.demoonline.tests.CompleteTest@378542de]" started-at="2020-10-31T17:43:18 IST" name="addToCart" finished-at="2020-10-31T17:44:04 IST" duration-ms="45901" status="PASS">
          <reporter-output>
          </reporter-output>
        </test-method> <!-- addToCart -->
        <test-method is-config="true" signature="tearDown()[pri:0, instance:com.demoonline.tests.CompleteTest@378542de]" started-at="2020-10-31T17:44:04 IST" name="tearDown" finished-at="2020-10-31T17:44:05 IST" duration-ms="914" status="PASS">
          <reporter-output>
          </reporter-output>
        </test-method> <!-- tearDown -->
      </class> <!-- com.demoonline.tests.CompleteTest -->
    </test> <!-- Default test -->
  </suite> <!-- Default suite -->
</testng-results>
